mode: set
github.com/ebarti/dd-assignment/pkg/reader/file_reader.go:28.69,36.2 1 1
github.com/ebarti/dd-assignment/pkg/reader/file_reader.go:39.36,40.34 1 1
github.com/ebarti/dd-assignment/pkg/reader/file_reader.go:43.2,44.12 2 1
github.com/ebarti/dd-assignment/pkg/reader/file_reader.go:40.34,42.3 1 0
github.com/ebarti/dd-assignment/pkg/reader/file_reader.go:48.29,49.50 1 1
github.com/ebarti/dd-assignment/pkg/reader/file_reader.go:49.50,52.3 2 1
github.com/ebarti/dd-assignment/pkg/reader/file_reader.go:56.39,58.2 1 1
github.com/ebarti/dd-assignment/pkg/reader/file_reader.go:61.33,64.6 3 1
github.com/ebarti/dd-assignment/pkg/reader/file_reader.go:64.6,65.24 1 1
github.com/ebarti/dd-assignment/pkg/reader/file_reader.go:71.3,71.10 1 1
github.com/ebarti/dd-assignment/pkg/reader/file_reader.go:65.24,66.42 1 1
github.com/ebarti/dd-assignment/pkg/reader/file_reader.go:69.4,69.10 1 1
github.com/ebarti/dd-assignment/pkg/reader/file_reader.go:66.42,68.5 1 0
github.com/ebarti/dd-assignment/pkg/reader/file_reader.go:72.88,73.12 1 1
github.com/ebarti/dd-assignment/pkg/reader/file_reader.go:74.17,75.10 1 1
github.com/ebarti/dd-assignment/pkg/reader/file_reader.go:81.32,86.2 4 1
github.com/ebarti/dd-assignment/pkg/reader/file_reader.go:89.36,91.16 2 1
github.com/ebarti/dd-assignment/pkg/reader/file_reader.go:94.2,95.16 2 1
github.com/ebarti/dd-assignment/pkg/reader/file_reader.go:98.2,101.12 4 1
github.com/ebarti/dd-assignment/pkg/reader/file_reader.go:91.16,93.3 1 0
github.com/ebarti/dd-assignment/pkg/reader/file_reader.go:95.16,97.3 1 0
github.com/ebarti/dd-assignment/pkg/logs/log_filter.go:23.44,25.39 2 0
github.com/ebarti/dd-assignment/pkg/logs/log_filter.go:28.2,28.10 1 0
github.com/ebarti/dd-assignment/pkg/logs/log_filter.go:25.39,27.3 1 0
github.com/ebarti/dd-assignment/pkg/logs/log_filter.go:31.47,32.18 1 1
github.com/ebarti/dd-assignment/pkg/logs/log_filter.go:36.2,37.26 2 1
github.com/ebarti/dd-assignment/pkg/logs/log_filter.go:40.2,40.31 1 1
github.com/ebarti/dd-assignment/pkg/logs/log_filter.go:68.2,68.12 1 1
github.com/ebarti/dd-assignment/pkg/logs/log_filter.go:32.18,35.3 2 1
github.com/ebarti/dd-assignment/pkg/logs/log_filter.go:37.26,39.3 1 0
github.com/ebarti/dd-assignment/pkg/logs/log_filter.go:40.31,41.38 1 1
github.com/ebarti/dd-assignment/pkg/logs/log_filter.go:41.38,44.4 2 1
github.com/ebarti/dd-assignment/pkg/logs/log_filter.go:44.9,44.43 1 1
github.com/ebarti/dd-assignment/pkg/logs/log_filter.go:44.43,47.4 2 1
github.com/ebarti/dd-assignment/pkg/logs/log_filter.go:47.9,47.46 1 1
github.com/ebarti/dd-assignment/pkg/logs/log_filter.go:47.46,50.4 2 1
github.com/ebarti/dd-assignment/pkg/logs/log_filter.go:50.9,50.39 1 1
github.com/ebarti/dd-assignment/pkg/logs/log_filter.go:50.39,51.33 1 1
github.com/ebarti/dd-assignment/pkg/logs/log_filter.go:54.4,54.27 1 1
github.com/ebarti/dd-assignment/pkg/logs/log_filter.go:57.4,58.32 2 1
github.com/ebarti/dd-assignment/pkg/logs/log_filter.go:61.4,63.48 3 1
github.com/ebarti/dd-assignment/pkg/logs/log_filter.go:51.33,53.5 1 1
github.com/ebarti/dd-assignment/pkg/logs/log_filter.go:54.27,56.5 1 1
github.com/ebarti/dd-assignment/pkg/logs/log_filter.go:58.32,60.5 1 1
github.com/ebarti/dd-assignment/pkg/logs/log_filter.go:64.9,66.4 1 1
github.com/ebarti/dd-assignment/pkg/logs/log_filter.go:71.53,72.16 1 1
github.com/ebarti/dd-assignment/pkg/logs/log_filter.go:75.2,75.55 1 1
github.com/ebarti/dd-assignment/pkg/logs/log_filter.go:72.16,74.3 1 0
github.com/ebarti/dd-assignment/pkg/logs/log_filter.go:78.59,79.48 1 1
github.com/ebarti/dd-assignment/pkg/logs/log_filter.go:82.2,82.42 1 1
github.com/ebarti/dd-assignment/pkg/logs/log_filter.go:85.2,85.51 1 1
github.com/ebarti/dd-assignment/pkg/logs/log_filter.go:88.2,88.13 1 1
github.com/ebarti/dd-assignment/pkg/logs/log_filter.go:79.48,81.3 1 1
github.com/ebarti/dd-assignment/pkg/logs/log_filter.go:82.42,84.3 1 1
github.com/ebarti/dd-assignment/pkg/logs/log_filter.go:85.51,87.3 1 0
github.com/ebarti/dd-assignment/pkg/logs/log_filter.go:91.61,92.48 1 1
github.com/ebarti/dd-assignment/pkg/logs/log_filter.go:97.2,97.13 1 1
github.com/ebarti/dd-assignment/pkg/logs/log_filter.go:92.48,93.54 1 1
github.com/ebarti/dd-assignment/pkg/logs/log_filter.go:93.54,95.4 1 1
github.com/ebarti/dd-assignment/pkg/logs/log_measure.go:16.49,17.20 1 0
github.com/ebarti/dd-assignment/pkg/logs/log_measure.go:20.2,20.36 1 0
github.com/ebarti/dd-assignment/pkg/logs/log_measure.go:17.20,19.3 1 0
github.com/ebarti/dd-assignment/pkg/logs/log_measure.go:25.56,27.16 2 1
github.com/ebarti/dd-assignment/pkg/logs/log_measure.go:30.2,31.16 2 1
github.com/ebarti/dd-assignment/pkg/logs/log_measure.go:35.2,35.19 1 1
github.com/ebarti/dd-assignment/pkg/logs/log_measure.go:27.16,29.3 1 1
github.com/ebarti/dd-assignment/pkg/logs/log_measure.go:31.16,33.3 1 1
github.com/ebarti/dd-assignment/pkg/logs/log_measure.go:39.39,41.2 1 0
github.com/ebarti/dd-assignment/pkg/logs/processed_log.go:17.77,19.16 2 1
github.com/ebarti/dd-assignment/pkg/logs/processed_log.go:22.2,22.21 1 1
github.com/ebarti/dd-assignment/pkg/logs/processed_log.go:19.16,21.3 1 0
github.com/ebarti/dd-assignment/pkg/logs/processed_log.go:25.63,27.36 2 1
github.com/ebarti/dd-assignment/pkg/logs/processed_log.go:39.2,39.25 1 1
github.com/ebarti/dd-assignment/pkg/logs/processed_log.go:42.2,43.58 2 1
github.com/ebarti/dd-assignment/pkg/logs/processed_log.go:27.36,29.3 1 1
github.com/ebarti/dd-assignment/pkg/logs/processed_log.go:29.8,29.41 1 1
github.com/ebarti/dd-assignment/pkg/logs/processed_log.go:29.41,31.3 1 1
github.com/ebarti/dd-assignment/pkg/logs/processed_log.go:31.8,31.44 1 1
github.com/ebarti/dd-assignment/pkg/logs/processed_log.go:31.44,33.3 1 1
github.com/ebarti/dd-assignment/pkg/logs/processed_log.go:33.8,33.44 1 1
github.com/ebarti/dd-assignment/pkg/logs/processed_log.go:33.44,35.3 1 1
github.com/ebarti/dd-assignment/pkg/logs/processed_log.go:35.8,35.46 1 1
github.com/ebarti/dd-assignment/pkg/logs/processed_log.go:35.46,38.3 2 1
github.com/ebarti/dd-assignment/pkg/logs/processed_log.go:39.25,41.3 1 0
github.com/ebarti/dd-assignment/pkg/logs/processed_log.go:46.92,48.9 2 1
github.com/ebarti/dd-assignment/pkg/logs/processed_log.go:55.2,55.40 1 1
github.com/ebarti/dd-assignment/pkg/logs/processed_log.go:64.2,64.12 1 1
github.com/ebarti/dd-assignment/pkg/logs/processed_log.go:48.9,49.37 1 0
github.com/ebarti/dd-assignment/pkg/logs/processed_log.go:52.3,52.13 1 0
github.com/ebarti/dd-assignment/pkg/logs/processed_log.go:49.37,51.4 1 0
github.com/ebarti/dd-assignment/pkg/logs/processed_log.go:55.40,56.30 1 1
github.com/ebarti/dd-assignment/pkg/logs/processed_log.go:62.3,62.54 1 1
github.com/ebarti/dd-assignment/pkg/logs/processed_log.go:56.30,57.38 1 1
github.com/ebarti/dd-assignment/pkg/logs/processed_log.go:60.4,60.14 1 0
github.com/ebarti/dd-assignment/pkg/logs/processed_log.go:57.38,59.5 1 1
github.com/ebarti/dd-assignment/pkg/metrics/metric.go:24.61,25.26 1 1
github.com/ebarti/dd-assignment/pkg/metrics/metric.go:28.2,28.36 1 1
github.com/ebarti/dd-assignment/pkg/metrics/metric.go:31.2,31.28 1 1
github.com/ebarti/dd-assignment/pkg/metrics/metric.go:34.2,34.40 1 1
github.com/ebarti/dd-assignment/pkg/metrics/metric.go:38.2,38.33 1 1
github.com/ebarti/dd-assignment/pkg/metrics/metric.go:51.2,51.13 1 1
github.com/ebarti/dd-assignment/pkg/metrics/metric.go:25.26,27.3 1 1
github.com/ebarti/dd-assignment/pkg/metrics/metric.go:28.36,30.3 1 0
github.com/ebarti/dd-assignment/pkg/metrics/metric.go:31.28,33.3 1 1
github.com/ebarti/dd-assignment/pkg/metrics/metric.go:34.40,36.3 1 1
github.com/ebarti/dd-assignment/pkg/metrics/metric.go:38.33,40.43 2 1
github.com/ebarti/dd-assignment/pkg/metrics/metric.go:46.3,46.13 1 1
github.com/ebarti/dd-assignment/pkg/metrics/metric.go:40.43,41.32 1 1
github.com/ebarti/dd-assignment/pkg/metrics/metric.go:41.32,43.10 2 1
github.com/ebarti/dd-assignment/pkg/metrics/metric.go:46.13,48.4 1 1
github.com/ebarti/dd-assignment/pkg/metrics/metric.go:55.52,57.33 2 1
github.com/ebarti/dd-assignment/pkg/metrics/metric.go:57.33,59.41 2 1
github.com/ebarti/dd-assignment/pkg/metrics/metric.go:59.41,61.4 1 1
github.com/ebarti/dd-assignment/pkg/metrics/metric.go:66.60,67.16 1 1
github.com/ebarti/dd-assignment/pkg/metrics/metric.go:70.2,70.33 1 1
github.com/ebarti/dd-assignment/pkg/metrics/metric.go:82.2,82.75 1 1
github.com/ebarti/dd-assignment/pkg/metrics/metric.go:67.16,69.3 1 1
github.com/ebarti/dd-assignment/pkg/metrics/metric.go:70.33,71.29 1 1
github.com/ebarti/dd-assignment/pkg/metrics/metric.go:71.29,72.23 1 1
github.com/ebarti/dd-assignment/pkg/metrics/metric.go:75.4,75.42 1 1
github.com/ebarti/dd-assignment/pkg/metrics/metric.go:72.23,74.5 1 1
github.com/ebarti/dd-assignment/pkg/metrics/metric.go:75.42,76.35 1 1
github.com/ebarti/dd-assignment/pkg/metrics/metric.go:76.35,78.6 1 1
github.com/ebarti/dd-assignment/pkg/metrics/metrics_pipeline.go:18.81,25.2 1 1
github.com/ebarti/dd-assignment/pkg/metrics/metrics_pipeline.go:28.67,30.2 1 1
github.com/ebarti/dd-assignment/pkg/metrics/metrics_pipeline.go:33.41,36.2 2 1
github.com/ebarti/dd-assignment/pkg/metrics/metrics_pipeline.go:39.34,40.50 1 1
github.com/ebarti/dd-assignment/pkg/metrics/metrics_pipeline.go:40.50,43.3 2 1
github.com/ebarti/dd-assignment/pkg/metrics/metrics_pipeline.go:47.44,49.2 1 0
github.com/ebarti/dd-assignment/pkg/metrics/metrics_pipeline.go:52.33,54.33 2 1
github.com/ebarti/dd-assignment/pkg/metrics/metrics_pipeline.go:54.33,56.42 2 1
github.com/ebarti/dd-assignment/pkg/metrics/metrics_pipeline.go:59.3,59.26 1 1
github.com/ebarti/dd-assignment/pkg/metrics/metrics_pipeline.go:56.42,58.4 1 1
github.com/ebarti/dd-assignment/pkg/metrics/metrics_pipeline.go:64.37,68.2 3 1
github.com/ebarti/dd-assignment/pkg/metrics/metrics_pipeline.go:80.139,88.2 1 1
github.com/ebarti/dd-assignment/pkg/metrics/metrics_pipeline.go:91.78,93.28 1 1
github.com/ebarti/dd-assignment/pkg/metrics/metrics_pipeline.go:96.2,103.22 4 1
github.com/ebarti/dd-assignment/pkg/metrics/metrics_pipeline.go:112.2,114.24 2 1
github.com/ebarti/dd-assignment/pkg/metrics/metrics_pipeline.go:128.2,128.15 1 1
github.com/ebarti/dd-assignment/pkg/metrics/metrics_pipeline.go:93.28,95.3 1 0
github.com/ebarti/dd-assignment/pkg/metrics/metrics_pipeline.go:103.22,105.25 2 0
github.com/ebarti/dd-assignment/pkg/metrics/metrics_pipeline.go:105.25,107.4 1 0
github.com/ebarti/dd-assignment/pkg/metrics/metrics_pipeline.go:107.9,110.4 1 0
github.com/ebarti/dd-assignment/pkg/metrics/metrics_pipeline.go:114.24,116.31 2 1
github.com/ebarti/dd-assignment/pkg/metrics/metrics_pipeline.go:126.3,126.21 1 1
github.com/ebarti/dd-assignment/pkg/metrics/metrics_pipeline.go:116.31,118.18 2 1
github.com/ebarti/dd-assignment/pkg/metrics/metrics_pipeline.go:121.4,124.6 1 1
github.com/ebarti/dd-assignment/pkg/metrics/metrics_pipeline.go:118.18,119.13 1 0
github.com/ebarti/dd-assignment/pkg/metrics/window_count.go:17.64,21.2 1 1
github.com/ebarti/dd-assignment/pkg/metrics/window_count.go:24.67,25.20 1 1
github.com/ebarti/dd-assignment/pkg/metrics/window_count.go:28.2,28.21 1 1
github.com/ebarti/dd-assignment/pkg/metrics/window_count.go:32.2,33.34 2 1
github.com/ebarti/dd-assignment/pkg/metrics/window_count.go:42.2,42.12 1 1
github.com/ebarti/dd-assignment/pkg/metrics/window_count.go:25.20,27.3 1 1
github.com/ebarti/dd-assignment/pkg/metrics/window_count.go:28.21,30.3 1 1
github.com/ebarti/dd-assignment/pkg/metrics/window_count.go:33.34,34.39 1 1
github.com/ebarti/dd-assignment/pkg/metrics/window_count.go:37.3,37.50 1 1
github.com/ebarti/dd-assignment/pkg/metrics/window_count.go:40.3,40.50 1 1
github.com/ebarti/dd-assignment/pkg/metrics/window_count.go:34.39,36.4 1 1
github.com/ebarti/dd-assignment/pkg/metrics/window_count.go:37.50,39.4 1 1
github.com/ebarti/dd-assignment/pkg/metrics/window_count.go:46.77,47.20 1 1
github.com/ebarti/dd-assignment/pkg/metrics/window_count.go:50.2,56.50 3 1
github.com/ebarti/dd-assignment/pkg/metrics/window_count.go:76.2,77.28 2 1
github.com/ebarti/dd-assignment/pkg/metrics/window_count.go:47.20,49.3 1 1
github.com/ebarti/dd-assignment/pkg/metrics/window_count.go:56.50,59.49 3 1
github.com/ebarti/dd-assignment/pkg/metrics/window_count.go:68.3,73.5 1 1
github.com/ebarti/dd-assignment/pkg/metrics/window_count.go:59.49,67.4 3 1
github.com/ebarti/dd-assignment/pkg/metrics/window_count.go:89.53,94.2 1 1
github.com/ebarti/dd-assignment/pkg/metrics/window_count.go:97.55,102.2 4 1
github.com/ebarti/dd-assignment/pkg/metrics/window_count.go:106.52,110.6 4 1
github.com/ebarti/dd-assignment/pkg/metrics/window_count.go:118.2,118.16 1 1
github.com/ebarti/dd-assignment/pkg/metrics/window_count.go:110.6,111.128 1 1
github.com/ebarti/dd-assignment/pkg/metrics/window_count.go:114.3,114.103 1 1
github.com/ebarti/dd-assignment/pkg/metrics/window_count.go:111.128,112.9 1 1
github.com/ebarti/dd-assignment/pkg/metrics/window_count.go:114.103,116.4 1 1
github.com/ebarti/dd-assignment/pkg/metrics/aggregator.go:26.80,34.2 1 1
github.com/ebarti/dd-assignment/pkg/metrics/aggregator.go:37.65,39.2 1 1
github.com/ebarti/dd-assignment/pkg/metrics/aggregator.go:42.42,45.2 2 1
github.com/ebarti/dd-assignment/pkg/metrics/aggregator.go:48.35,49.50 1 1
github.com/ebarti/dd-assignment/pkg/metrics/aggregator.go:49.50,52.3 2 1
github.com/ebarti/dd-assignment/pkg/metrics/aggregator.go:56.45,58.2 1 0
github.com/ebarti/dd-assignment/pkg/metrics/aggregator.go:61.38,64.2 2 1
github.com/ebarti/dd-assignment/pkg/metrics/aggregator.go:67.34,69.33 2 1
github.com/ebarti/dd-assignment/pkg/metrics/aggregator.go:69.33,70.22 1 1
github.com/ebarti/dd-assignment/pkg/metrics/aggregator.go:73.3,76.13 3 1
github.com/ebarti/dd-assignment/pkg/metrics/aggregator.go:81.3,81.13 1 1
github.com/ebarti/dd-assignment/pkg/metrics/aggregator.go:86.3,86.12 1 1
github.com/ebarti/dd-assignment/pkg/metrics/aggregator.go:70.22,71.12 1 0
github.com/ebarti/dd-assignment/pkg/metrics/aggregator.go:76.13,79.4 2 1
github.com/ebarti/dd-assignment/pkg/metrics/aggregator.go:81.13,85.4 2 1
github.com/ebarti/dd-assignment/pkg/metrics/aggregator.go:91.64,92.33 1 1
github.com/ebarti/dd-assignment/pkg/metrics/aggregator.go:92.33,94.48 2 1
github.com/ebarti/dd-assignment/pkg/metrics/aggregator.go:97.3,97.61 1 1
github.com/ebarti/dd-assignment/pkg/metrics/aggregator.go:100.3,100.61 1 1
github.com/ebarti/dd-assignment/pkg/metrics/aggregator.go:94.48,96.4 1 1
github.com/ebarti/dd-assignment/pkg/metrics/aggregator.go:97.61,99.4 1 1
github.com/ebarti/dd-assignment/pkg/metrics/aggregator.go:105.56,107.42 2 1
github.com/ebarti/dd-assignment/pkg/metrics/aggregator.go:110.2,112.29 3 1
github.com/ebarti/dd-assignment/pkg/metrics/aggregator.go:115.2,116.42 2 1
github.com/ebarti/dd-assignment/pkg/metrics/aggregator.go:127.2,127.84 1 1
github.com/ebarti/dd-assignment/pkg/metrics/aggregator.go:107.42,109.3 1 1
github.com/ebarti/dd-assignment/pkg/metrics/aggregator.go:112.29,114.3 1 1
github.com/ebarti/dd-assignment/pkg/metrics/aggregator.go:116.42,118.17 2 1
github.com/ebarti/dd-assignment/pkg/metrics/aggregator.go:122.3,124.60 2 1
github.com/ebarti/dd-assignment/pkg/metrics/aggregator.go:118.17,120.12 2 0
github.com/ebarti/dd-assignment/pkg/metrics/aggregator.go:131.106,139.41 6 1
github.com/ebarti/dd-assignment/pkg/metrics/aggregator.go:143.2,143.21 1 1
github.com/ebarti/dd-assignment/pkg/metrics/aggregator.go:139.41,142.3 2 1
github.com/ebarti/dd-assignment/pkg/metrics/aggregator.go:147.61,149.25 1 1
github.com/ebarti/dd-assignment/pkg/metrics/aggregator.go:154.2,154.50 1 1
github.com/ebarti/dd-assignment/pkg/metrics/aggregator.go:149.25,153.3 2 1
github.com/ebarti/dd-assignment/pkg/metrics/count.go:15.36,17.2 1 1
github.com/ebarti/dd-assignment/pkg/metrics/count.go:20.61,21.20 1 1
github.com/ebarti/dd-assignment/pkg/metrics/count.go:24.2,24.21 1 1
github.com/ebarti/dd-assignment/pkg/metrics/count.go:28.2,29.34 2 1
github.com/ebarti/dd-assignment/pkg/metrics/count.go:38.2,38.12 1 1
github.com/ebarti/dd-assignment/pkg/metrics/count.go:21.20,23.3 1 1
github.com/ebarti/dd-assignment/pkg/metrics/count.go:24.21,26.3 1 1
github.com/ebarti/dd-assignment/pkg/metrics/count.go:29.34,30.39 1 1
github.com/ebarti/dd-assignment/pkg/metrics/count.go:33.3,33.50 1 1
github.com/ebarti/dd-assignment/pkg/metrics/count.go:36.3,36.50 1 1
github.com/ebarti/dd-assignment/pkg/metrics/count.go:30.39,32.4 1 1
github.com/ebarti/dd-assignment/pkg/metrics/count.go:33.50,35.4 1 1
github.com/ebarti/dd-assignment/pkg/metrics/count.go:42.71,43.20 1 1
github.com/ebarti/dd-assignment/pkg/metrics/count.go:46.2,52.50 3 1
github.com/ebarti/dd-assignment/pkg/metrics/count.go:72.2,73.28 2 1
github.com/ebarti/dd-assignment/pkg/metrics/count.go:43.20,45.3 1 1
github.com/ebarti/dd-assignment/pkg/metrics/count.go:52.50,55.49 3 1
github.com/ebarti/dd-assignment/pkg/metrics/count.go:64.3,69.5 1 1
github.com/ebarti/dd-assignment/pkg/metrics/count.go:55.49,63.4 3 1
github.com/ebarti/dd-assignment/pkg/metrics/count.go:82.24,84.2 1 1
github.com/ebarti/dd-assignment/pkg/metrics/count.go:87.49,89.2 1 1
github.com/ebarti/dd-assignment/pkg/metrics/count.go:92.31,95.2 2 1
github.com/ebarti/dd-assignment/pkg/pipeline/log_pipeline.go:25.69,32.2 1 1
github.com/ebarti/dd-assignment/pkg/pipeline/log_pipeline.go:35.60,37.2 1 1
github.com/ebarti/dd-assignment/pkg/pipeline/log_pipeline.go:40.70,41.37 1 0
github.com/ebarti/dd-assignment/pkg/pipeline/log_pipeline.go:41.37,43.3 1 0
github.com/ebarti/dd-assignment/pkg/pipeline/log_pipeline.go:48.70,50.2 1 1
github.com/ebarti/dd-assignment/pkg/pipeline/log_pipeline.go:53.37,56.2 2 1
github.com/ebarti/dd-assignment/pkg/pipeline/log_pipeline.go:59.30,60.50 1 1
github.com/ebarti/dd-assignment/pkg/pipeline/log_pipeline.go:60.50,63.3 2 1
github.com/ebarti/dd-assignment/pkg/pipeline/log_pipeline.go:67.40,69.2 1 0
github.com/ebarti/dd-assignment/pkg/pipeline/log_pipeline.go:72.29,74.33 2 1
github.com/ebarti/dd-assignment/pkg/pipeline/log_pipeline.go:74.33,76.3 1 1
github.com/ebarti/dd-assignment/pkg/pipeline/log_pipeline.go:80.33,82.36 2 1
github.com/ebarti/dd-assignment/pkg/pipeline/log_pipeline.go:85.2,86.15 2 1
github.com/ebarti/dd-assignment/pkg/pipeline/log_pipeline.go:82.36,84.3 1 1
github.com/ebarti/dd-assignment/pkg/pipeline/log_pipeline.go:90.52,92.16 2 1
github.com/ebarti/dd-assignment/pkg/pipeline/log_pipeline.go:95.2,97.36 3 1
github.com/ebarti/dd-assignment/pkg/pipeline/log_pipeline.go:103.2,103.12 1 1
github.com/ebarti/dd-assignment/pkg/pipeline/log_pipeline.go:107.2,107.11 1 1
github.com/ebarti/dd-assignment/pkg/pipeline/log_pipeline.go:92.16,94.3 1 0
github.com/ebarti/dd-assignment/pkg/pipeline/log_pipeline.go:97.36,98.43 1 1
github.com/ebarti/dd-assignment/pkg/pipeline/log_pipeline.go:98.43,101.4 2 1
github.com/ebarti/dd-assignment/pkg/pipeline/log_pipeline.go:103.12,106.3 2 1
github.com/ebarti/dd-assignment/pkg/service.go:31.12,40.29 9 1
github.com/ebarti/dd-assignment/pkg/service.go:47.2,54.3 1 1
github.com/ebarti/dd-assignment/pkg/service.go:40.29,41.41 1 1
github.com/ebarti/dd-assignment/pkg/service.go:44.3,44.29 1 1
github.com/ebarti/dd-assignment/pkg/service.go:41.41,43.4 1 1
github.com/ebarti/dd-assignment/pkg/service.go:58.65,59.22 1 1
github.com/ebarti/dd-assignment/pkg/service.go:62.2,62.10 1 1
github.com/ebarti/dd-assignment/pkg/service.go:59.22,61.3 1 1
github.com/ebarti/dd-assignment/pkg/service.go:66.33,68.51 1 1
github.com/ebarti/dd-assignment/pkg/service.go:71.2,71.50 1 1
github.com/ebarti/dd-assignment/pkg/service.go:74.2,74.31 1 1
github.com/ebarti/dd-assignment/pkg/service.go:79.2,79.46 1 1
github.com/ebarti/dd-assignment/pkg/service.go:82.2,82.41 1 1
github.com/ebarti/dd-assignment/pkg/service.go:85.2,85.12 1 1
github.com/ebarti/dd-assignment/pkg/service.go:68.51,70.3 1 0
github.com/ebarti/dd-assignment/pkg/service.go:71.50,73.3 1 0
github.com/ebarti/dd-assignment/pkg/service.go:74.31,75.35 1 1
github.com/ebarti/dd-assignment/pkg/service.go:75.35,77.4 1 0
github.com/ebarti/dd-assignment/pkg/service.go:79.46,81.3 1 0
github.com/ebarti/dd-assignment/pkg/service.go:82.41,84.3 1 0
github.com/ebarti/dd-assignment/pkg/service.go:89.26,90.21 1 1
github.com/ebarti/dd-assignment/pkg/service.go:93.2,93.18 1 1
github.com/ebarti/dd-assignment/pkg/service.go:90.22,92.3 0 1
github.com/ebarti/dd-assignment/pkg/service.go:97.36,99.16 2 1
github.com/ebarti/dd-assignment/pkg/service.go:107.2,107.19 1 1
github.com/ebarti/dd-assignment/pkg/service.go:99.16,100.32 1 1
github.com/ebarti/dd-assignment/pkg/service.go:100.32,101.22 1 1
github.com/ebarti/dd-assignment/pkg/service.go:101.22,103.10 2 0
github.com/ebarti/dd-assignment/pkg/service.go:111.26,115.2 2 0
github.com/ebarti/dd-assignment/pkg/service.go:118.55,119.12 1 1
github.com/ebarti/dd-assignment/pkg/service.go:119.12,123.3 3 1
github.com/ebarti/dd-assignment/pkg/monitors/log_monitor.go:50.78,52.16 2 1
github.com/ebarti/dd-assignment/pkg/monitors/log_monitor.go:56.2,57.35 2 1
github.com/ebarti/dd-assignment/pkg/monitors/log_monitor.go:60.2,61.16 2 1
github.com/ebarti/dd-assignment/pkg/monitors/log_monitor.go:65.2,66.18 2 1
github.com/ebarti/dd-assignment/pkg/monitors/log_monitor.go:69.2,83.3 1 1
github.com/ebarti/dd-assignment/pkg/monitors/log_monitor.go:52.16,55.3 1 0
github.com/ebarti/dd-assignment/pkg/monitors/log_monitor.go:57.35,59.3 1 0
github.com/ebarti/dd-assignment/pkg/monitors/log_monitor.go:61.16,64.3 1 0
github.com/ebarti/dd-assignment/pkg/monitors/log_monitor.go:66.18,68.3 1 0
github.com/ebarti/dd-assignment/pkg/monitors/log_monitor.go:87.36,90.2 2 1
github.com/ebarti/dd-assignment/pkg/monitors/log_monitor.go:93.29,94.50 1 1
github.com/ebarti/dd-assignment/pkg/monitors/log_monitor.go:94.50,97.3 2 1
github.com/ebarti/dd-assignment/pkg/monitors/log_monitor.go:101.39,103.2 1 0
github.com/ebarti/dd-assignment/pkg/monitors/log_monitor.go:106.32,108.33 2 1
github.com/ebarti/dd-assignment/pkg/monitors/log_monitor.go:108.33,112.20 4 1
github.com/ebarti/dd-assignment/pkg/monitors/log_monitor.go:117.3,117.19 1 1
github.com/ebarti/dd-assignment/pkg/monitors/log_monitor.go:120.3,121.17 2 1
github.com/ebarti/dd-assignment/pkg/monitors/log_monitor.go:124.3,125.17 2 1
github.com/ebarti/dd-assignment/pkg/monitors/log_monitor.go:129.3,129.45 1 1
github.com/ebarti/dd-assignment/pkg/monitors/log_monitor.go:112.20,116.4 2 1
github.com/ebarti/dd-assignment/pkg/monitors/log_monitor.go:117.19,118.12 1 0
github.com/ebarti/dd-assignment/pkg/monitors/log_monitor.go:121.17,122.12 1 0
github.com/ebarti/dd-assignment/pkg/monitors/log_monitor.go:125.17,126.12 1 0
github.com/ebarti/dd-assignment/pkg/monitors/log_monitor.go:129.45,132.4 2 1
github.com/ebarti/dd-assignment/pkg/monitors/log_monitor.go:132.9,132.55 1 1
github.com/ebarti/dd-assignment/pkg/monitors/log_monitor.go:132.55,135.4 2 1
github.com/ebarti/dd-assignment/pkg/monitors/log_monitor.go:140.32,143.2 2 1
github.com/ebarti/dd-assignment/pkg/monitors/log_monitor.go:146.35,148.2 1 1
github.com/ebarti/dd-assignment/pkg/monitors/log_monitor.go:151.35,153.2 1 1
github.com/ebarti/dd-assignment/pkg/monitors/log_monitor.go:156.39,158.2 1 0
